<?xml version="1.0" encoding="UTF-8"?>
<testsuite xmlns:xsi="http://www.w3.org/2001/XMLSchema-instance" xsi:noNamespaceSchemaLocation="https://maven.apache.org/surefire/maven-surefire-plugin/xsd/surefire-test-report.xsd" name="TestSuite" time="8.964" tests="3" errors="0" skipped="2" failures="1">
  <properties>
[...]
</properties>
  <testcase name="setup" classname="inetBanking.testCases.TC_LoginTest_001" time="8.455">
    <failure message="unknown error: cannot find Chrome binary&#10;Build info: version: &apos;4.0.0-alpha-3&apos;, revision: &apos;8c567de6dc&apos;&#10;System info: host: &apos;DESKTOP-J5NV8O8&apos;, ip: &apos;192.168.43.244&apos;, os.name: &apos;Windows 10&apos;, os.arch: &apos;amd64&apos;, os.version: &apos;10.0&apos;, java.version: &apos;11.0.7&apos;&#10;Driver info: driver.version: ChromeDriver&#10;remote stacktrace: Backtrace:&#10;	Ordinal0 [0x005D9563+2725219]&#10;	Ordinal0 [0x004D8551+1672529]&#10;	Ordinal0 [0x003C0359+525145]&#10;	Ordinal0 [0x0034CA64+51812]&#10;	Ordinal0 [0x0036CC37+183351]&#10;	Ordinal0 [0x0036CA3D+182845]&#10;	Ordinal0 [0x0036A94B+174411]&#10;	Ordinal0 [0x00352528+75048]&#10;	Ordinal0 [0x003535A0+79264]&#10;	Ordinal0 [0x00353539+79161]&#10;	Ordinal0 [0x004ED607+1758727]&#10;	GetHandleVerifier [0x006F6546+1050150]&#10;	GetHandleVerifier [0x006F6291+1049457]&#10;	GetHandleVerifier [0x007010D7+1094071]&#10;	GetHandleVerifier [0x006F6B46+1051686]&#10;	Ordinal0 [0x004E5B06+1727238]&#10;	Ordinal0 [0x004EEB7B+1764219]&#10;	Ordinal0 [0x004EECE3+1764579]&#10;	Ordinal0 [0x00504C05+1854469]&#10;	BaseThreadInitThunk [0x757262C4+36]&#10;	RtlSubscribeWnfStateChangeNotification [0x77DD0609+1081]&#10;	RtlSubscribeWnfStateChangeNotification [0x77DD05D4+1028]&#10;" type="org.openqa.selenium.WebDriverException">org.openqa.selenium.WebDriverException: 
unknown error: cannot find Chrome binary
Build info: version: '4.0.0-alpha-3', revision: '8c567de6dc'
System info: host: 'DESKTOP-J5NV8O8', ip: '192.168.43.244', os.name: 'Windows 10', os.arch: 'amd64', os.version: '10.0', java.version: '11.0.7'
Driver info: driver.version: ChromeDriver
remote stacktrace: Backtrace:
	Ordinal0 [0x005D9563+2725219]
	Ordinal0 [0x004D8551+1672529]
	Ordinal0 [0x003C0359+525145]
	Ordinal0 [0x0034CA64+51812]
	Ordinal0 [0x0036CC37+183351]
	Ordinal0 [0x0036CA3D+182845]
	Ordinal0 [0x0036A94B+174411]
	Ordinal0 [0x00352528+75048]
	Ordinal0 [0x003535A0+79264]
	Ordinal0 [0x00353539+79161]
	Ordinal0 [0x004ED607+1758727]
	GetHandleVerifier [0x006F6546+1050150]
	GetHandleVerifier [0x006F6291+1049457]
	GetHandleVerifier [0x007010D7+1094071]
	GetHandleVerifier [0x006F6B46+1051686]
	Ordinal0 [0x004E5B06+1727238]
	Ordinal0 [0x004EEB7B+1764219]
	Ordinal0 [0x004EECE3+1764579]
	Ordinal0 [0x00504C05+1854469]
	BaseThreadInitThunk [0x757262C4+36]
	RtlSubscribeWnfStateChangeNotification [0x77DD0609+1081]
	RtlSubscribeWnfStateChangeNotification [0x77DD05D4+1028]

</failure>
    <system-out><![CDATA[[TestNGContentHandler] [WARN] It is strongly recommended to add "<!DOCTYPE suite SYSTEM "http://testng.org/testng-1.0.dtd" >" at the top of your file, otherwise TestNG may fail or not work as expected.
]]></system-out>
    <system-err><![CDATA[Starting ChromeDriver 83.0.4103.39 (ccbf011cb2d2b19b506d844400483861342c20cd-refs/branch-heads/4103@{#416}) on port 25490
Only local connections are allowed.
Please see https://chromedriver.chromium.org/security-considerations for suggestions on keeping ChromeDriver safe.
ChromeDriver was started successfully.
]]></system-err>
  </testcase>
  <testcase name="loginTest" classname="inetBanking.testCases.TC_LoginTest_001" time="0">
    <skipped message="unknown error: cannot find Chrome binary&#10;Build info: version: &apos;4.0.0-alpha-3&apos;, revision: &apos;8c567de6dc&apos;&#10;System info: host: &apos;DESKTOP-J5NV8O8&apos;, ip: &apos;192.168.43.244&apos;, os.name: &apos;Windows 10&apos;, os.arch: &apos;amd64&apos;, os.version: &apos;10.0&apos;, java.version: &apos;11.0.7&apos;&#10;Driver info: driver.version: ChromeDriver&#10;remote stacktrace: Backtrace:&#10;	Ordinal0 [0x005D9563+2725219]&#10;	Ordinal0 [0x004D8551+1672529]&#10;	Ordinal0 [0x003C0359+525145]&#10;	Ordinal0 [0x0034CA64+51812]&#10;	Ordinal0 [0x0036CC37+183351]&#10;	Ordinal0 [0x0036CA3D+182845]&#10;	Ordinal0 [0x0036A94B+174411]&#10;	Ordinal0 [0x00352528+75048]&#10;	Ordinal0 [0x003535A0+79264]&#10;	Ordinal0 [0x00353539+79161]&#10;	Ordinal0 [0x004ED607+1758727]&#10;	GetHandleVerifier [0x006F6546+1050150]&#10;	GetHandleVerifier [0x006F6291+1049457]&#10;	GetHandleVerifier [0x007010D7+1094071]&#10;	GetHandleVerifier [0x006F6B46+1051686]&#10;	Ordinal0 [0x004E5B06+1727238]&#10;	Ordinal0 [0x004EEB7B+1764219]&#10;	Ordinal0 [0x004EECE3+1764579]&#10;	Ordinal0 [0x00504C05+1854469]&#10;	BaseThreadInitThunk [0x757262C4+36]&#10;	RtlSubscribeWnfStateChangeNotification [0x77DD0609+1081]&#10;	RtlSubscribeWnfStateChangeNotification [0x77DD05D4+1028]&#10;"/>
  </testcase>
  <testcase name="tearDown" classname="inetBanking.testCases.TC_LoginTest_001" time="0">
    <skipped/>
  </testcase>
</testsuite>